2021,Nov,Mon,21,남성,97,삐삐,아이유,R&B/Soul,I
2021,Nov,Mon,21,남성,97,삐삐,아이유,R&B/Soul,L
2021,Nov,Mon,21,남성,97,삐삐,아이유,R&B/Soul,I
2021,Nov,Mon,21,남성,97,삐삐,아이유,R&B/Soul,I
2021,Nov,Mon,21,남성,97,삐삐,아이유,R&B/Soul,I
2021,Nov,Mon,21,남성,11,삐삐,아이유,R&B/Soul,I
2021,Nov,Mon,21,남성,97,삐삐,아이유,R&B/Soul,I
2021,Nov,Mon,21,남성,97,삐삐,아이유,R&B/Soul,P
2021,Nov,Mon,21,남성,97,삐삐,아이유,R&B/Soul,I
2021,Nov,Mon,21,남성,11,삐삐,아이유,R&B/Soul,I
2021,Nov,Mon,21,남성,11,삐삐,아이유,R&B/Soul,I
2021,Nov,Mon,21,남성,11,삐삐,아이유,R&B/Soul,I
2021,Nov,Mon,21,남성,11,삐삐,아이유,R&B/Soul,I
2021,Nov,Mon,21,남성,11,삐삐,아이유,R&B/Soul,I
2021,Nov,Mon,21,남성,11,삐삐,아이유,R&B/Soul,I
2021,Nov,Tue,16,남성,11,별책부록,엔알지 (NRG),댄스,L
2021,Nov,Tue,16,남성,11,Twins (Knock Out),SUPER JUNIOR (슈퍼주니어),댄스,P
2021,Nov,Tue,16,남성,11,파티타임,현지,댄스,L
2021,Dec,Wed,17,여성,98,스르르,명진호,발라드,P
2021,Dec,Wed,18,여성,98,어지러워요,Goosemoan (구스모안),발라드 댄스,P
2021,Dec,Wed,18,여성,98,어지러워요,Goosemoan (구스모안),발라드 댄스,P
2021,Dec,Wed,18,여성,98,어지러워요,Goosemoan (구스모안),발라드 댄스,L
